<?xml version="1.0" encoding="UTF-8"?>
<testsuite xmlns:xsi="http://www.w3.org/2001/XMLSchema-instance" xsi:noNamespaceSchemaLocation="https://maven.apache.org/surefire/maven-surefire-plugin/xsd/surefire-test-report-3.0.xsd" version="3.0" name="com.rentalrecommender.dataprocessor.RealtorComToPropertyTransformerIntegrationTest" time="10.96" tests="1" errors="0" skipped="0" failures="0">
  <properties>
[...]
</properties>
  <testcase name="testRealtorComToPropertyPipeline" classname="com.rentalrecommender.dataprocessor.RealtorComToPropertyTransformerIntegrationTest" time="2.403">
    <system-out><![CDATA[Test Output: Property(id=null, propertyUrl=http://example.com/property/12345, propertyId=12345, listingId=null, mls=null, mlsId=null, status=null, text=null, style=null, fullStreetLine=null, street=null, unit=null, city=null, state=null, zipCode=null, beds=3, fullBaths=2, halfBaths=null, sqft=null, yearBuilt=null, daysOnMls=0, listPrice=0.0, listPriceMin=null, listPriceMax=null, listDate=null, soldPrice=null, lastSoldDate=null, assessedValue=null, estimatedValue=null, newConstruction=false, lotSqft=null, pricePerSqft=0.0, latitude=null, longitude=null, neighborhoods=null, county=null, fipsCode=null, stories=null, hoaFee=null, parkingGarage=null, agentId=null, agentName=null, agentEmail=null, agentPhones=null, agentMlsSet=null, agentNrdsId=null, brokerId=null, brokerName=null, builderId=null, builderName=null, officeId=null, officeMlsSet=null, officeName=null, officeEmail=null, officePhones=null, nearbySchools=null, primaryPhoto=null, altPhotos=null)
]]></system-out>
    <system-err><![CDATA[SLF4J: Class path contains multiple SLF4J bindings.
SLF4J: Found binding in [jar:file:/home/ubuntu/.m2/repository/org/slf4j/slf4j-simple/1.7.36/slf4j-simple-1.7.36.jar!/org/slf4j/impl/StaticLoggerBinder.class]
SLF4J: Found binding in [jar:file:/home/ubuntu/.m2/repository/org/apache/logging/log4j/log4j-slf4j-impl/2.17.1/log4j-slf4j-impl-2.17.1.jar!/org/slf4j/impl/StaticLoggerBinder.class]
SLF4J: See http://www.slf4j.org/codes.html#multiple_bindings for an explanation.
SLF4J: Actual binding is of type [org.slf4j.impl.SimpleLoggerFactory]
[main] INFO org.apache.flink.runtime.taskexecutor.TaskExecutorResourceUtils - The configuration option taskmanager.cpu.cores required for local execution is not set, setting it to the maximal possible value.
[main] INFO org.apache.flink.runtime.taskexecutor.TaskExecutorResourceUtils - The configuration option taskmanager.memory.task.heap.size required for local execution is not set, setting it to the maximal possible value.
[main] INFO org.apache.flink.runtime.taskexecutor.TaskExecutorResourceUtils - The configuration option taskmanager.memory.task.off-heap.size required for local execution is not set, setting it to the maximal possible value.
[main] INFO org.apache.flink.runtime.taskexecutor.TaskExecutorResourceUtils - The configuration option taskmanager.memory.network.min required for local execution is not set, setting it to its default value 64 mb.
[main] INFO org.apache.flink.runtime.taskexecutor.TaskExecutorResourceUtils - The configuration option taskmanager.memory.network.max required for local execution is not set, setting it to its default value 64 mb.
[main] INFO org.apache.flink.runtime.minicluster.MiniCluster - Starting Flink Mini Cluster
[main] INFO org.apache.flink.runtime.minicluster.MiniCluster - Starting Metrics Registry
[main] INFO org.apache.flink.runtime.metrics.MetricRegistryImpl - No metrics reporter configured, no metrics will be exposed/reported.
[main] INFO org.apache.flink.runtime.metrics.MetricRegistryImpl - No trace reporter configured, no metrics will be exposed/reported.
[main] INFO org.apache.flink.runtime.minicluster.MiniCluster - Starting RPC Service(s)
[main] INFO org.apache.flink.runtime.rpc.pekko.PekkoRpcServiceUtils - Trying to start local actor system
[flink-pekko.actor.default-dispatcher-5] INFO org.apache.pekko.event.slf4j.Slf4jLogger - Slf4jLogger started
[main] INFO org.apache.flink.runtime.rpc.pekko.PekkoRpcServiceUtils - Actor system started at pekko://flink
[main] INFO org.apache.flink.runtime.rpc.pekko.PekkoRpcServiceUtils - Trying to start local actor system
[flink-metrics-5] INFO org.apache.pekko.event.slf4j.Slf4jLogger - Slf4jLogger started
[main] INFO org.apache.flink.runtime.rpc.pekko.PekkoRpcServiceUtils - Actor system started at pekko://flink-metrics
[main] INFO org.apache.flink.runtime.rpc.pekko.PekkoRpcService - Starting RPC endpoint for org.apache.flink.runtime.metrics.dump.MetricQueryService at pekko://flink-metrics/user/rpc/MetricQueryService .
[main] INFO org.apache.flink.runtime.security.token.DefaultDelegationTokenManager - Loading delegation token providers
[main] INFO org.apache.flink.runtime.security.token.hadoop.HadoopFSDelegationTokenProvider - Hadoop FS is not available (not packaged with this application): NoClassDefFoundError : "org/apache/hadoop/conf/Configuration".
[main] INFO org.apache.flink.runtime.security.token.DefaultDelegationTokenManager - Delegation token provider hadoopfs loaded and initialized
[main] INFO org.apache.flink.runtime.security.token.DefaultDelegationTokenManager - Delegation token provider hbase loaded and initialized
[main] INFO org.apache.flink.runtime.security.token.DefaultDelegationTokenManager - Delegation token provider test loaded and initialized
[main] INFO org.apache.flink.runtime.security.token.DefaultDelegationTokenManager - Delegation token provider throw loaded and initialized
[main] INFO org.apache.flink.runtime.security.token.DefaultDelegationTokenManager - Delegation token providers loaded successfully
[main] INFO org.apache.flink.runtime.security.token.DelegationTokenReceiverRepository - Loading delegation token receivers
[main] INFO org.apache.flink.runtime.security.token.DelegationTokenReceiverRepository - Delegation token receiver hadoopfs loaded and initialized
[main] INFO org.apache.flink.runtime.security.token.DelegationTokenReceiverRepository - Delegation token receiver hbase loaded and initialized
[main] INFO org.apache.flink.runtime.security.token.DelegationTokenReceiverRepository - Delegation token receiver test loaded and initialized
[main] INFO org.apache.flink.runtime.security.token.DelegationTokenReceiverRepository - Delegation token receiver throw loaded and initialized
[main] INFO org.apache.flink.runtime.security.token.DelegationTokenReceiverRepository - Delegation token receivers loaded successfully
[main] INFO org.apache.flink.runtime.security.token.DefaultDelegationTokenManager - Checking provider and receiver instances consistency
[main] INFO org.apache.flink.runtime.security.token.DefaultDelegationTokenManager - Provider and receiver instances are consistent
[main] INFO org.apache.flink.runtime.security.token.DefaultDelegationTokenManager - Obtaining delegation tokens
[main] INFO org.apache.flink.runtime.security.token.DefaultDelegationTokenManager - Delegation tokens obtained successfully
[main] WARN org.apache.flink.runtime.security.token.DefaultDelegationTokenManager - No tokens obtained so skipping notifications
[main] INFO org.apache.flink.runtime.security.token.DelegationTokenReceiverRepository - Loading delegation token receivers
[main] INFO org.apache.flink.runtime.security.token.DelegationTokenReceiverRepository - Delegation token receiver hadoopfs loaded and initialized
[main] INFO org.apache.flink.runtime.security.token.DelegationTokenReceiverRepository - Delegation token receiver hbase loaded and initialized
[main] INFO org.apache.flink.runtime.security.token.DelegationTokenReceiverRepository - Delegation token receiver test loaded and initialized
[main] INFO org.apache.flink.runtime.security.token.DelegationTokenReceiverRepository - Delegation token receiver throw loaded and initialized
[main] INFO org.apache.flink.runtime.security.token.DelegationTokenReceiverRepository - Delegation token receivers loaded successfully
[main] INFO org.apache.flink.runtime.blob.BlobServer - Created BLOB server storage directory /tmp/junit13740384107096003261/junit522814691136092327/minicluster_4aa79b022f23e10538c71371a8113152/blobStorage
[main] INFO org.apache.flink.runtime.blob.BlobServer - Started BLOB server at 0.0.0.0:41151 - max concurrent requests: 50 - max backlog: 1000
[main] INFO org.apache.flink.runtime.blob.PermanentBlobCache - Created BLOB cache storage directory /tmp/junit13740384107096003261/junit522814691136092327/minicluster_4aa79b022f23e10538c71371a8113152/blobStorage
[main] INFO org.apache.flink.runtime.blob.TransientBlobCache - Created BLOB cache storage directory /tmp/junit13740384107096003261/junit522814691136092327/minicluster_4aa79b022f23e10538c71371a8113152/blobStorage
[main] INFO org.apache.flink.runtime.minicluster.MiniCluster - Starting 1 TaskManager(s)
[main] INFO org.apache.flink.runtime.taskexecutor.TaskManagerRunner - Starting TaskManager with ResourceID: 3bdca923-13c9-4c1c-b00b-a2f62cfb886f
[main] INFO org.apache.flink.runtime.taskexecutor.TaskManagerServices - Temporary file directory '/tmp/junit13740384107096003261/junit522814691136092327': total 33 GB, usable 11 GB (33.33% usable)
[main] INFO org.apache.flink.runtime.io.disk.iomanager.IOManager - Created a new FileChannelManager for spilling of task related data to disk (joins, sorting, ...). Used directories:
	/tmp/junit13740384107096003261/junit522814691136092327/flink-io-17ef872d-e2f1-49e9-8c37-5cb99934389e
[main] INFO org.apache.flink.runtime.io.network.NettyShuffleServiceFactory - Created a new FileChannelManager for storing result partitions of BLOCKING shuffles. Used directories:
	/tmp/junit13740384107096003261/junit522814691136092327/flink-netty-shuffle-b7833a0c-f30c-4fbf-a390-f551c3c17cad
[main] INFO org.apache.flink.runtime.io.network.buffer.NetworkBufferPool - Allocated 64 MB for network buffer pool (number of memory segments: 2048, bytes per segment: 32768).
[main] INFO org.apache.flink.runtime.io.network.NettyShuffleEnvironment - Starting the network environment and its components.
[main] INFO org.apache.flink.runtime.taskexecutor.TaskManagerServices - TaskManager data connection initialized successfully; listening internally on port: -1
[main] INFO org.apache.flink.runtime.taskexecutor.KvStateService - Starting the kvState service and its components.
[main] INFO org.apache.flink.configuration.Configuration - Config uses fallback configuration key 'pekko.ask.timeout' instead of key 'taskmanager.slot.timeout'
[main] INFO org.apache.flink.runtime.rpc.pekko.PekkoRpcService - Starting RPC endpoint for org.apache.flink.runtime.taskexecutor.TaskExecutor at pekko://flink/user/rpc/taskmanager_0 .
[flink-pekko.actor.default-dispatcher-5] INFO org.apache.flink.runtime.taskexecutor.DefaultJobLeaderService - Start job leader service.
[flink-pekko.actor.default-dispatcher-5] INFO org.apache.flink.runtime.filecache.FileCache - User file cache uses directory /tmp/junit13740384107096003261/junit522814691136092327/flink-dist-cache-b4d96981-681f-4d01-bb2c-a5a4e130014c
[main] INFO org.apache.flink.runtime.dispatcher.DispatcherRestEndpoint - Starting rest endpoint.
[main] INFO org.apache.flink.runtime.dispatcher.DispatcherRestEndpoint - Failed to load web based job submission extension. Probable reason: flink-runtime-web is not in the classpath.
[main] WARN org.apache.flink.runtime.webmonitor.WebMonitorUtils - Log file environment variable 'log.file' is not set.
[main] WARN org.apache.flink.runtime.webmonitor.WebMonitorUtils - JobManager log files are unavailable in the web dashboard. Log file location not found in environment variable 'log.file' or configuration key 'web.log.path'.
[main] INFO org.apache.flink.runtime.dispatcher.DispatcherRestEndpoint - Rest endpoint listening at localhost:44385
[main] INFO org.apache.flink.runtime.highavailability.nonha.embedded.EmbeddedLeaderService - Proposing leadership to the contender that is registered under component ID 'rest_server'.
[mini-cluster-io-thread-1] INFO org.apache.flink.runtime.dispatcher.DispatcherRestEndpoint - http://localhost:44385 was granted leadership with leaderSessionID=713777b3-0993-4b05-a6c4-25c08c54097e
[mini-cluster-io-thread-1] INFO org.apache.flink.runtime.highavailability.nonha.embedded.EmbeddedLeaderService - Received confirmation of leadership for leader http://localhost:44385 , session=713777b3-0993-4b05-a6c4-25c08c54097e
[main] INFO org.apache.flink.runtime.highavailability.nonha.embedded.EmbeddedLeaderService - Proposing leadership to the contender that is registered under component ID 'dispatcher'.
[main] INFO org.apache.flink.runtime.resourcemanager.ResourceManagerServiceImpl - Starting resource manager service.
[main] INFO org.apache.flink.runtime.highavailability.nonha.embedded.EmbeddedLeaderService - Proposing leadership to the contender that is registered under component ID 'resource_manager'.
[mini-cluster-io-thread-2] INFO org.apache.flink.runtime.dispatcher.runner.DefaultDispatcherRunner - DefaultDispatcherRunner was granted leadership with leader id 0cab05e6-dda7-43ff-a2e8-c20f99e822d6. Creating new DispatcherLeaderProcess.
[pool-3-thread-1] INFO org.apache.flink.runtime.resourcemanager.ResourceManagerServiceImpl - Resource manager service is granted leadership with session id 7baaa6a8-19d5-4813-94a6-97f962530c4b.
[main] INFO org.apache.flink.runtime.minicluster.MiniCluster - Flink Mini Cluster started successfully
[mini-cluster-io-thread-2] INFO org.apache.flink.runtime.dispatcher.runner.SessionDispatcherLeaderProcess - Start SessionDispatcherLeaderProcess.
[mini-cluster-io-thread-3] INFO org.apache.flink.runtime.dispatcher.runner.SessionDispatcherLeaderProcess - Recover all persisted job graphs that are not finished, yet.
[mini-cluster-io-thread-3] INFO org.apache.flink.runtime.dispatcher.runner.SessionDispatcherLeaderProcess - Successfully recovered 0 persisted job graphs.
[main] INFO org.apache.flink.configuration.Configuration - Config uses fallback configuration key 'jobmanager.rpc.address' instead of key 'rest.address'
[pool-3-thread-1] INFO org.apache.flink.runtime.rpc.pekko.PekkoRpcService - Starting RPC endpoint for org.apache.flink.runtime.resourcemanager.StandaloneResourceManager at pekko://flink/user/rpc/resourcemanager_1 .
[mini-cluster-io-thread-3] INFO org.apache.flink.runtime.rpc.pekko.PekkoRpcService - Starting RPC endpoint for org.apache.flink.runtime.dispatcher.StandaloneDispatcher at pekko://flink/user/rpc/dispatcher_2 .
[flink-pekko.actor.default-dispatcher-5] INFO org.apache.flink.runtime.resourcemanager.StandaloneResourceManager - Starting the resource manager.
[flink-pekko.actor.default-dispatcher-5] INFO org.apache.flink.runtime.resourcemanager.slotmanager.FineGrainedSlotManager - Starting the slot manager.
[flink-pekko.actor.default-dispatcher-5] INFO org.apache.flink.runtime.security.token.DefaultDelegationTokenManager - Starting tokens update task
[flink-pekko.actor.default-dispatcher-5] WARN org.apache.flink.runtime.security.token.DefaultDelegationTokenManager - No tokens obtained so skipping notifications
[flink-pekko.actor.default-dispatcher-5] WARN org.apache.flink.runtime.security.token.DefaultDelegationTokenManager - Tokens update task not started because either no tokens obtained or none of the tokens specified its renewal date
[mini-cluster-io-thread-4] INFO org.apache.flink.runtime.highavailability.nonha.embedded.EmbeddedLeaderService - Received confirmation of leadership for leader pekko://flink/user/rpc/resourcemanager_1 , session=7baaa6a8-19d5-4813-94a6-97f962530c4b
[flink-pekko.actor.default-dispatcher-5] INFO org.apache.flink.runtime.taskexecutor.TaskExecutor - Connecting to ResourceManager pekko://flink/user/rpc/resourcemanager_1(94a697f962530c4b7baaa6a819d54813).
[mini-cluster-io-thread-3] INFO org.apache.flink.runtime.highavailability.nonha.embedded.EmbeddedLeaderService - Received confirmation of leadership for leader pekko://flink/user/rpc/dispatcher_2 , session=0cab05e6-dda7-43ff-a2e8-c20f99e822d6
[flink-pekko.actor.default-dispatcher-5] INFO org.apache.flink.runtime.taskexecutor.TaskExecutor - Resolved ResourceManager address, beginning registration
[flink-pekko.actor.default-dispatcher-7] INFO org.apache.flink.runtime.resourcemanager.StandaloneResourceManager - Registering TaskManager with ResourceID 3bdca923-13c9-4c1c-b00b-a2f62cfb886f (pekko://flink/user/rpc/taskmanager_0) at ResourceManager
[flink-pekko.actor.default-dispatcher-5] INFO org.apache.flink.runtime.taskexecutor.TaskExecutor - Successful registration at resource manager pekko://flink/user/rpc/resourcemanager_1 under registration id 2b2e95ec189ca63db669e8f285519a6c.
[flink-pekko.actor.default-dispatcher-7] INFO org.apache.flink.runtime.resourcemanager.slotmanager.FineGrainedSlotManager - Registering task executor 3bdca923-13c9-4c1c-b00b-a2f62cfb886f under 2b2e95ec189ca63db669e8f285519a6c at the slot manager.
[main] INFO org.apache.flink.runtime.testutils.PseudoRandomValueSelector - Randomly selected false for state.backend.rocksdb.use-ingest-db-restore-mode
[main] INFO org.apache.flink.api.java.typeutils.TypeExtractor - Field Description#altPhotos will be processed as GenericType. Please read the Flink documentation on "Data Types & Serialization" for details of the effect on performance and schema evolution.
[main] INFO org.apache.flink.api.java.typeutils.TypeExtractor - Field AgentInfo#agentPhones will be processed as GenericType. Please read the Flink documentation on "Data Types & Serialization" for details of the effect on performance and schema evolution.
[main] INFO org.apache.flink.api.java.typeutils.TypeExtractor - Field OfficeInfo#officePhones will be processed as GenericType. Please read the Flink documentation on "Data Types & Serialization" for details of the effect on performance and schema evolution.
[main] INFO org.apache.flink.api.java.typeutils.TypeExtractor - class org.bson.types.ObjectId does not contain a setter for field timestamp
[main] INFO org.apache.flink.api.java.typeutils.TypeExtractor - Class class org.bson.types.ObjectId cannot be used as a POJO type because not all fields are valid POJO fields, and must be processed as GenericType. Please read the Flink documentation on "Data Types & Serialization" for details of the effect on performance and schema evolution.
[main] INFO org.apache.flink.api.java.typeutils.TypeExtractor - Field Property#id will be processed as GenericType. Please read the Flink documentation on "Data Types & Serialization" for details of the effect on performance and schema evolution.
[main] INFO org.apache.flink.api.java.typeutils.TypeExtractor - Field Property#altPhotos will be processed as GenericType. Please read the Flink documentation on "Data Types & Serialization" for details of the effect on performance and schema evolution.
[flink-pekko.actor.default-dispatcher-5] INFO org.apache.flink.runtime.dispatcher.StandaloneDispatcher - Received JobGraph submission 'DataStream Collect' (3a18c0e32b762b13a6f620ee5650207f).
[flink-pekko.actor.default-dispatcher-5] INFO org.apache.flink.runtime.dispatcher.StandaloneDispatcher - Submitting job 'DataStream Collect' (3a18c0e32b762b13a6f620ee5650207f).
[flink-pekko.actor.default-dispatcher-5] INFO org.apache.flink.runtime.highavailability.nonha.embedded.EmbeddedLeaderService - Proposing leadership to the contender that is registered under component ID 'job-3a18c0e32b762b13a6f620ee5650207f'.
[mini-cluster-io-thread-4] INFO org.apache.flink.runtime.jobmaster.JobMasterServiceLeadershipRunner - JobMasterServiceLeadershipRunner for job 3a18c0e32b762b13a6f620ee5650207f was granted leadership with leader id 49e0583f-02a5-4a49-a532-44fd9eab9531. Creating new JobMasterServiceProcess.
[jobmanager-io-thread-1] INFO org.apache.flink.runtime.rpc.pekko.PekkoRpcService - Starting RPC endpoint for org.apache.flink.runtime.jobmaster.JobMaster at pekko://flink/user/rpc/jobmanager_3 .
[jobmanager-io-thread-1] INFO org.apache.flink.runtime.jobmaster.JobMaster - Initializing job 'DataStream Collect' (3a18c0e32b762b13a6f620ee5650207f).
[jobmanager-io-thread-1] INFO org.apache.flink.runtime.jobmaster.JobMaster - Using restart back off time strategy NoRestartBackoffTimeStrategy for DataStream Collect (3a18c0e32b762b13a6f620ee5650207f).
[jobmanager-io-thread-1] INFO org.apache.flink.runtime.executiongraph.ExecutionGraph - Created execution graph 63f6aacd1037d285db7ab88c6037c5f2 for job 3a18c0e32b762b13a6f620ee5650207f.
[jobmanager-io-thread-1] INFO org.apache.flink.runtime.jobmaster.JobMaster - Running initialization on master for job DataStream Collect (3a18c0e32b762b13a6f620ee5650207f).
[jobmanager-io-thread-1] INFO org.apache.flink.runtime.jobmaster.JobMaster - Successfully ran initialization on master in 0 ms.
[jobmanager-io-thread-1] INFO org.apache.flink.runtime.scheduler.adapter.DefaultExecutionTopology - Built 1 new pipelined regions in 2 ms, total 1 pipelined regions currently.
[jobmanager-io-thread-1] INFO org.apache.flink.runtime.jobmaster.JobMaster - State backend is set to heap memory org.apache.flink.runtime.state.hashmap.HashMapStateBackend@ccef3a6
[jobmanager-io-thread-1] INFO org.apache.flink.runtime.state.StateBackendLoader - State backend loader loads the state backend as HashMapStateBackend
[jobmanager-io-thread-1] INFO org.apache.flink.runtime.jobmaster.JobMaster - Checkpoint storage is set to 'filesystem': (checkpoints "file:/tmp/junit13740384107096003261/junit13818853780122136468")
[jobmanager-io-thread-1] INFO org.apache.flink.core.fs.FileSystem - Hadoop is not in the classpath/dependencies. The extended set of supported File Systems via Hadoop is not available.
[jobmanager-io-thread-1] INFO org.apache.flink.runtime.checkpoint.CheckpointCoordinator - No checkpoint found during restore.
[jobmanager-io-thread-1] INFO org.apache.flink.runtime.jobmaster.JobMaster - Using failover strategy org.apache.flink.runtime.executiongraph.failover.RestartPipelinedRegionFailoverStrategy@1ad9fbac for DataStream Collect (3a18c0e32b762b13a6f620ee5650207f).
[jobmanager-io-thread-1] INFO org.apache.flink.runtime.highavailability.nonha.embedded.EmbeddedLeaderService - Received confirmation of leadership for leader pekko://flink/user/rpc/jobmanager_3 , session=49e0583f-02a5-4a49-a532-44fd9eab9531
[flink-pekko.actor.default-dispatcher-5] INFO org.apache.flink.runtime.jobmaster.JobMaster - Starting execution of job 'DataStream Collect' (3a18c0e32b762b13a6f620ee5650207f) under job master id a53244fd9eab953149e0583f02a54a49.
[flink-pekko.actor.default-dispatcher-5] INFO org.apache.flink.runtime.jobmaster.JobMaster - Starting scheduling with scheduling strategy [org.apache.flink.runtime.scheduler.strategy.PipelinedRegionSchedulingStrategy]
[flink-pekko.actor.default-dispatcher-5] INFO org.apache.flink.runtime.executiongraph.ExecutionGraph - Job DataStream Collect (3a18c0e32b762b13a6f620ee5650207f) switched from state CREATED to RUNNING.
[flink-pekko.actor.default-dispatcher-5] INFO org.apache.flink.runtime.executiongraph.ExecutionGraph - Source: Collection Source (1/1) (63f6aacd1037d285db7ab88c6037c5f2_bc764cd8ddf7a0cff126f51c16239658_0_0) switched from CREATED to SCHEDULED.
[flink-pekko.actor.default-dispatcher-5] INFO org.apache.flink.runtime.executiongraph.ExecutionGraph - Map (1/2) (63f6aacd1037d285db7ab88c6037c5f2_0a448493b4782967b150582570326227_0_0) switched from CREATED to SCHEDULED.
[flink-pekko.actor.default-dispatcher-5] INFO org.apache.flink.runtime.executiongraph.ExecutionGraph - Map (2/2) (63f6aacd1037d285db7ab88c6037c5f2_0a448493b4782967b150582570326227_1_0) switched from CREATED to SCHEDULED.
[flink-pekko.actor.default-dispatcher-5] INFO org.apache.flink.runtime.executiongraph.ExecutionGraph - Sink: Data stream collect sink (1/1) (63f6aacd1037d285db7ab88c6037c5f2_ea632d67b7d595e5b851708ae9ad79d6_0_0) switched from CREATED to SCHEDULED.
[flink-pekko.actor.default-dispatcher-5] INFO org.apache.flink.runtime.jobmaster.JobMaster - Connecting to ResourceManager pekko://flink/user/rpc/resourcemanager_1(94a697f962530c4b7baaa6a819d54813)
[flink-pekko.actor.default-dispatcher-7] INFO org.apache.flink.runtime.jobmaster.JobMaster - Resolved ResourceManager address, beginning registration
[flink-pekko.actor.default-dispatcher-7] INFO org.apache.flink.runtime.resourcemanager.StandaloneResourceManager - Registering job manager a53244fd9eab953149e0583f02a54a49@pekko://flink/user/rpc/jobmanager_3 for job 3a18c0e32b762b13a6f620ee5650207f.
[flink-pekko.actor.default-dispatcher-5] INFO org.apache.flink.runtime.resourcemanager.StandaloneResourceManager - Registered job manager a53244fd9eab953149e0583f02a54a49@pekko://flink/user/rpc/jobmanager_3 for job 3a18c0e32b762b13a6f620ee5650207f.
[flink-pekko.actor.default-dispatcher-7] INFO org.apache.flink.runtime.jobmaster.JobMaster - JobManager successfully registered at ResourceManager, leader id: 94a697f962530c4b7baaa6a819d54813.
[flink-pekko.actor.default-dispatcher-5] INFO org.apache.flink.runtime.resourcemanager.slotmanager.FineGrainedSlotManager - Received resource requirements from job 3a18c0e32b762b13a6f620ee5650207f: [ResourceRequirement{resourceProfile=ResourceProfile{UNKNOWN}, numberOfRequiredSlots=2}]
[flink-pekko.actor.default-dispatcher-7] INFO org.apache.flink.runtime.resourcemanager.slotmanager.FineGrainedSlotManager - Matching resource requirements against available resources.
Missing resources:
	 Job 3a18c0e32b762b13a6f620ee5650207f
		ResourceRequirement{resourceProfile=ResourceProfile{UNKNOWN}, numberOfRequiredSlots=2}
Current resources:
	TaskManager 3bdca923-13c9-4c1c-b00b-a2f62cfb886f
		Available: ResourceProfile{taskHeapMemory=1024.000gb (1099511627776 bytes), taskOffHeapMemory=1024.000gb (1099511627776 bytes), managedMemory=80.000mb (83886080 bytes), networkMemory=64.000mb (67108864 bytes)}
		Total:     ResourceProfile{taskHeapMemory=1024.000gb (1099511627776 bytes), taskOffHeapMemory=1024.000gb (1099511627776 bytes), managedMemory=80.000mb (83886080 bytes), networkMemory=64.000mb (67108864 bytes)}
[flink-pekko.actor.default-dispatcher-7] INFO org.apache.flink.runtime.resourcemanager.slotmanager.DefaultSlotStatusSyncer - Starting allocation of slot 7c253f6f2dcff548bfcdfb68212810c9 from 3bdca923-13c9-4c1c-b00b-a2f62cfb886f for job 3a18c0e32b762b13a6f620ee5650207f with resource profile ResourceProfile{taskHeapMemory=512.000gb (549755813888 bytes), taskOffHeapMemory=512.000gb (549755813888 bytes), managedMemory=40.000mb (41943040 bytes), networkMemory=32.000mb (33554432 bytes)}.
[flink-pekko.actor.default-dispatcher-5] INFO org.apache.flink.runtime.taskexecutor.TaskExecutor - Receive slot request 7c253f6f2dcff548bfcdfb68212810c9 for job 3a18c0e32b762b13a6f620ee5650207f from resource manager with leader id 94a697f962530c4b7baaa6a819d54813.
[flink-pekko.actor.default-dispatcher-5] INFO org.apache.flink.runtime.taskexecutor.slot.TaskSlotTableImpl - Allocated slot for 7c253f6f2dcff548bfcdfb68212810c9 with resources ResourceProfile{taskHeapMemory=512.000gb (549755813888 bytes), taskOffHeapMemory=512.000gb (549755813888 bytes), managedMemory=40.000mb (41943040 bytes), networkMemory=32.000mb (33554432 bytes)}.
[flink-pekko.actor.default-dispatcher-7] INFO org.apache.flink.runtime.resourcemanager.slotmanager.DefaultSlotStatusSyncer - Starting allocation of slot 6311d5dec75cc00bbcc451d0aee3fae3 from 3bdca923-13c9-4c1c-b00b-a2f62cfb886f for job 3a18c0e32b762b13a6f620ee5650207f with resource profile ResourceProfile{taskHeapMemory=512.000gb (549755813888 bytes), taskOffHeapMemory=512.000gb (549755813888 bytes), managedMemory=40.000mb (41943040 bytes), networkMemory=32.000mb (33554432 bytes)}.
[flink-pekko.actor.default-dispatcher-5] INFO org.apache.flink.runtime.taskexecutor.DefaultJobLeaderService - Add job 3a18c0e32b762b13a6f620ee5650207f for job leader monitoring.
[mini-cluster-io-thread-4] INFO org.apache.flink.runtime.taskexecutor.DefaultJobLeaderService - Try to register at job manager pekko://flink/user/rpc/jobmanager_3 with leader id 49e0583f-02a5-4a49-a532-44fd9eab9531.
[flink-pekko.actor.default-dispatcher-5] INFO org.apache.flink.runtime.taskexecutor.TaskExecutor - Receive slot request 6311d5dec75cc00bbcc451d0aee3fae3 for job 3a18c0e32b762b13a6f620ee5650207f from resource manager with leader id 94a697f962530c4b7baaa6a819d54813.
[flink-pekko.actor.default-dispatcher-5] INFO org.apache.flink.runtime.taskexecutor.slot.TaskSlotTableImpl - Allocated slot for 6311d5dec75cc00bbcc451d0aee3fae3 with resources ResourceProfile{taskHeapMemory=512.000gb (549755813888 bytes), taskOffHeapMemory=512.000gb (549755813888 bytes), managedMemory=40.000mb (41943040 bytes), networkMemory=32.000mb (33554432 bytes)}.
[flink-pekko.actor.default-dispatcher-7] INFO org.apache.flink.runtime.taskexecutor.DefaultJobLeaderService - Resolved JobManager address, beginning registration
[flink-pekko.actor.default-dispatcher-7] INFO org.apache.flink.runtime.taskexecutor.DefaultJobLeaderService - Successful registration at job manager pekko://flink/user/rpc/jobmanager_3 for job 3a18c0e32b762b13a6f620ee5650207f.
[flink-pekko.actor.default-dispatcher-7] INFO org.apache.flink.runtime.taskexecutor.TaskExecutor - Establish JobManager connection for job 3a18c0e32b762b13a6f620ee5650207f.
[flink-pekko.actor.default-dispatcher-7] INFO org.apache.flink.runtime.taskexecutor.TaskExecutor - Offer reserved slots to the leader of job 3a18c0e32b762b13a6f620ee5650207f.
[flink-pekko.actor.default-dispatcher-5] INFO org.apache.flink.runtime.executiongraph.ExecutionGraph - Source: Collection Source (1/1) (63f6aacd1037d285db7ab88c6037c5f2_bc764cd8ddf7a0cff126f51c16239658_0_0) switched from SCHEDULED to DEPLOYING.
[flink-pekko.actor.default-dispatcher-5] INFO org.apache.flink.runtime.executiongraph.ExecutionGraph - Deploying Source: Collection Source (1/1) (attempt #0) with attempt id 63f6aacd1037d285db7ab88c6037c5f2_bc764cd8ddf7a0cff126f51c16239658_0_0 and vertex id bc764cd8ddf7a0cff126f51c16239658_0 to 3bdca923-13c9-4c1c-b00b-a2f62cfb886f @ localhost (dataPort=-1) with allocation id 6311d5dec75cc00bbcc451d0aee3fae3
[flink-pekko.actor.default-dispatcher-7] INFO org.apache.flink.runtime.taskexecutor.slot.TaskSlotTableImpl - Activate slot 6311d5dec75cc00bbcc451d0aee3fae3.
[flink-pekko.actor.default-dispatcher-5] INFO org.apache.flink.runtime.executiongraph.ExecutionGraph - Map (1/2) (63f6aacd1037d285db7ab88c6037c5f2_0a448493b4782967b150582570326227_0_0) switched from SCHEDULED to DEPLOYING.
[flink-pekko.actor.default-dispatcher-5] INFO org.apache.flink.runtime.executiongraph.ExecutionGraph - Deploying Map (1/2) (attempt #0) with attempt id 63f6aacd1037d285db7ab88c6037c5f2_0a448493b4782967b150582570326227_0_0 and vertex id 0a448493b4782967b150582570326227_0 to 3bdca923-13c9-4c1c-b00b-a2f62cfb886f @ localhost (dataPort=-1) with allocation id 6311d5dec75cc00bbcc451d0aee3fae3
[flink-pekko.actor.default-dispatcher-5] INFO org.apache.flink.runtime.executiongraph.ExecutionGraph - Map (2/2) (63f6aacd1037d285db7ab88c6037c5f2_0a448493b4782967b150582570326227_1_0) switched from SCHEDULED to DEPLOYING.
[flink-pekko.actor.default-dispatcher-5] INFO org.apache.flink.runtime.executiongraph.ExecutionGraph - Deploying Map (2/2) (attempt #0) with attempt id 63f6aacd1037d285db7ab88c6037c5f2_0a448493b4782967b150582570326227_1_0 and vertex id 0a448493b4782967b150582570326227_1 to 3bdca923-13c9-4c1c-b00b-a2f62cfb886f @ localhost (dataPort=-1) with allocation id 7c253f6f2dcff548bfcdfb68212810c9
[flink-pekko.actor.default-dispatcher-5] INFO org.apache.flink.runtime.executiongraph.ExecutionGraph - Sink: Data stream collect sink (1/1) (63f6aacd1037d285db7ab88c6037c5f2_ea632d67b7d595e5b851708ae9ad79d6_0_0) switched from SCHEDULED to DEPLOYING.
[flink-pekko.actor.default-dispatcher-5] INFO org.apache.flink.runtime.executiongraph.ExecutionGraph - Deploying Sink: Data stream collect sink (1/1) (attempt #0) with attempt id 63f6aacd1037d285db7ab88c6037c5f2_ea632d67b7d595e5b851708ae9ad79d6_0_0 and vertex id ea632d67b7d595e5b851708ae9ad79d6_0 to 3bdca923-13c9-4c1c-b00b-a2f62cfb886f @ localhost (dataPort=-1) with allocation id 6311d5dec75cc00bbcc451d0aee3fae3
[flink-pekko.actor.default-dispatcher-7] INFO org.apache.flink.runtime.state.changelog.StateChangelogStorageLoader - StateChangelogStorageLoader initialized with shortcut names {memory,filesystem}.
[flink-pekko.actor.default-dispatcher-7] INFO org.apache.flink.runtime.state.changelog.StateChangelogStorageLoader - Creating a changelog storage with name 'memory'.
[flink-pekko.actor.default-dispatcher-7] INFO org.apache.flink.runtime.state.TaskExecutorChannelStateExecutorFactoryManager - Creating the channel state executor factory for job id 3a18c0e32b762b13a6f620ee5650207f
[flink-pekko.actor.default-dispatcher-7] INFO org.apache.flink.runtime.taskexecutor.TaskExecutor - Received task Source: Collection Source (1/1)#0 (63f6aacd1037d285db7ab88c6037c5f2_bc764cd8ddf7a0cff126f51c16239658_0_0), deploy into slot with allocation id 6311d5dec75cc00bbcc451d0aee3fae3.
[Source: Collection Source (1/1)#0] INFO org.apache.flink.runtime.taskmanager.Task - Source: Collection Source (1/1)#0 (63f6aacd1037d285db7ab88c6037c5f2_bc764cd8ddf7a0cff126f51c16239658_0_0) switched from CREATED to DEPLOYING.
[flink-pekko.actor.default-dispatcher-7] INFO org.apache.flink.runtime.taskexecutor.slot.TaskSlotTableImpl - Activate slot 6311d5dec75cc00bbcc451d0aee3fae3.
[Source: Collection Source (1/1)#0] INFO org.apache.flink.runtime.taskmanager.Task - Loading JAR files for task Source: Collection Source (1/1)#0 (63f6aacd1037d285db7ab88c6037c5f2_bc764cd8ddf7a0cff126f51c16239658_0_0) [DEPLOYING].
[flink-pekko.actor.default-dispatcher-7] INFO org.apache.flink.runtime.taskexecutor.TaskExecutor - Received task Map (1/2)#0 (63f6aacd1037d285db7ab88c6037c5f2_0a448493b4782967b150582570326227_0_0), deploy into slot with allocation id 6311d5dec75cc00bbcc451d0aee3fae3.
[Map (1/2)#0] INFO org.apache.flink.runtime.taskmanager.Task - Map (1/2)#0 (63f6aacd1037d285db7ab88c6037c5f2_0a448493b4782967b150582570326227_0_0) switched from CREATED to DEPLOYING.
[Map (1/2)#0] INFO org.apache.flink.runtime.taskmanager.Task - Loading JAR files for task Map (1/2)#0 (63f6aacd1037d285db7ab88c6037c5f2_0a448493b4782967b150582570326227_0_0) [DEPLOYING].
[flink-pekko.actor.default-dispatcher-7] INFO org.apache.flink.runtime.taskexecutor.slot.TaskSlotTableImpl - Activate slot 7c253f6f2dcff548bfcdfb68212810c9.
[flink-pekko.actor.default-dispatcher-7] INFO org.apache.flink.runtime.taskexecutor.TaskExecutor - Received task Map (2/2)#0 (63f6aacd1037d285db7ab88c6037c5f2_0a448493b4782967b150582570326227_1_0), deploy into slot with allocation id 7c253f6f2dcff548bfcdfb68212810c9.
[Map (2/2)#0] INFO org.apache.flink.runtime.taskmanager.Task - Map (2/2)#0 (63f6aacd1037d285db7ab88c6037c5f2_0a448493b4782967b150582570326227_1_0) switched from CREATED to DEPLOYING.
[Map (2/2)#0] INFO org.apache.flink.runtime.taskmanager.Task - Loading JAR files for task Map (2/2)#0 (63f6aacd1037d285db7ab88c6037c5f2_0a448493b4782967b150582570326227_1_0) [DEPLOYING].
[flink-pekko.actor.default-dispatcher-7] INFO org.apache.flink.runtime.taskexecutor.slot.TaskSlotTableImpl - Activate slot 6311d5dec75cc00bbcc451d0aee3fae3.
[flink-pekko.actor.default-dispatcher-7] INFO org.apache.flink.runtime.taskexecutor.TaskExecutor - Received task Sink: Data stream collect sink (1/1)#0 (63f6aacd1037d285db7ab88c6037c5f2_ea632d67b7d595e5b851708ae9ad79d6_0_0), deploy into slot with allocation id 6311d5dec75cc00bbcc451d0aee3fae3.
[flink-pekko.actor.default-dispatcher-7] INFO org.apache.flink.runtime.taskexecutor.slot.TaskSlotTableImpl - Activate slot 6311d5dec75cc00bbcc451d0aee3fae3.
[Sink: Data stream collect sink (1/1)#0] INFO org.apache.flink.runtime.taskmanager.Task - Sink: Data stream collect sink (1/1)#0 (63f6aacd1037d285db7ab88c6037c5f2_ea632d67b7d595e5b851708ae9ad79d6_0_0) switched from CREATED to DEPLOYING.
[Sink: Data stream collect sink (1/1)#0] INFO org.apache.flink.runtime.taskmanager.Task - Loading JAR files for task Sink: Data stream collect sink (1/1)#0 (63f6aacd1037d285db7ab88c6037c5f2_ea632d67b7d595e5b851708ae9ad79d6_0_0) [DEPLOYING].
[flink-pekko.actor.default-dispatcher-7] INFO org.apache.flink.runtime.taskexecutor.slot.TaskSlotTableImpl - Activate slot 7c253f6f2dcff548bfcdfb68212810c9.
[Map (2/2)#0] INFO org.apache.flink.streaming.runtime.tasks.StreamTask - State backend is set to heap memory org.apache.flink.runtime.state.hashmap.HashMapStateBackend@71bc7b55
[Map (2/2)#0] INFO org.apache.flink.runtime.state.StateBackendLoader - State backend loader loads the state backend as HashMapStateBackend
[Map (2/2)#0] INFO org.apache.flink.streaming.runtime.tasks.StreamTask - Checkpoint storage is set to 'filesystem': (checkpoints "file:/tmp/junit13740384107096003261/junit13818853780122136468")
[Source: Collection Source (1/1)#0] INFO org.apache.flink.streaming.runtime.tasks.StreamTask - State backend is set to heap memory org.apache.flink.runtime.state.hashmap.HashMapStateBackend@53dbaae9
[Source: Collection Source (1/1)#0] INFO org.apache.flink.runtime.state.StateBackendLoader - State backend loader loads the state backend as HashMapStateBackend
[Source: Collection Source (1/1)#0] INFO org.apache.flink.streaming.runtime.tasks.StreamTask - Checkpoint storage is set to 'filesystem': (checkpoints "file:/tmp/junit13740384107096003261/junit13818853780122136468")
[Sink: Data stream collect sink (1/1)#0] INFO org.apache.flink.streaming.runtime.tasks.StreamTask - State backend is set to heap memory org.apache.flink.runtime.state.hashmap.HashMapStateBackend@43a4864f
[Sink: Data stream collect sink (1/1)#0] INFO org.apache.flink.runtime.state.StateBackendLoader - State backend loader loads the state backend as HashMapStateBackend
[Sink: Data stream collect sink (1/1)#0] INFO org.apache.flink.streaming.runtime.tasks.StreamTask - Checkpoint storage is set to 'filesystem': (checkpoints "file:/tmp/junit13740384107096003261/junit13818853780122136468")
[Map (1/2)#0] INFO org.apache.flink.streaming.runtime.tasks.StreamTask - State backend is set to heap memory org.apache.flink.runtime.state.hashmap.HashMapStateBackend@7bc5f857
[Map (1/2)#0] INFO org.apache.flink.runtime.state.StateBackendLoader - State backend loader loads the state backend as HashMapStateBackend
[Map (1/2)#0] INFO org.apache.flink.streaming.runtime.tasks.StreamTask - Checkpoint storage is set to 'filesystem': (checkpoints "file:/tmp/junit13740384107096003261/junit13818853780122136468")
[Map (2/2)#0] INFO org.apache.flink.runtime.taskmanager.Task - Map (2/2)#0 (63f6aacd1037d285db7ab88c6037c5f2_0a448493b4782967b150582570326227_1_0) switched from DEPLOYING to INITIALIZING.
[flink-pekko.actor.default-dispatcher-5] INFO org.apache.flink.runtime.executiongraph.ExecutionGraph - Map (2/2) (63f6aacd1037d285db7ab88c6037c5f2_0a448493b4782967b150582570326227_1_0) switched from DEPLOYING to INITIALIZING.
[Map (1/2)#0] INFO org.apache.flink.runtime.taskmanager.Task - Map (1/2)#0 (63f6aacd1037d285db7ab88c6037c5f2_0a448493b4782967b150582570326227_0_0) switched from DEPLOYING to INITIALIZING.
[Sink: Data stream collect sink (1/1)#0] INFO org.apache.flink.runtime.taskmanager.Task - Sink: Data stream collect sink (1/1)#0 (63f6aacd1037d285db7ab88c6037c5f2_ea632d67b7d595e5b851708ae9ad79d6_0_0) switched from DEPLOYING to INITIALIZING.
[Source: Collection Source (1/1)#0] INFO org.apache.flink.runtime.taskmanager.Task - Source: Collection Source (1/1)#0 (63f6aacd1037d285db7ab88c6037c5f2_bc764cd8ddf7a0cff126f51c16239658_0_0) switched from DEPLOYING to INITIALIZING.
[flink-pekko.actor.default-dispatcher-7] INFO org.apache.flink.runtime.executiongraph.ExecutionGraph - Map (1/2) (63f6aacd1037d285db7ab88c6037c5f2_0a448493b4782967b150582570326227_0_0) switched from DEPLOYING to INITIALIZING.
[flink-pekko.actor.default-dispatcher-7] INFO org.apache.flink.runtime.executiongraph.ExecutionGraph - Sink: Data stream collect sink (1/1) (63f6aacd1037d285db7ab88c6037c5f2_ea632d67b7d595e5b851708ae9ad79d6_0_0) switched from DEPLOYING to INITIALIZING.
[flink-pekko.actor.default-dispatcher-7] INFO org.apache.flink.runtime.executiongraph.ExecutionGraph - Source: Collection Source (1/1) (63f6aacd1037d285db7ab88c6037c5f2_bc764cd8ddf7a0cff126f51c16239658_0_0) switched from DEPLOYING to INITIALIZING.
[Map (1/2)#0] INFO org.apache.flink.runtime.state.StateBackendLoader - State backend is set to heap memory org.apache.flink.runtime.state.hashmap.HashMapStateBackend@5e5e15
[Map (2/2)#0] INFO org.apache.flink.runtime.state.StateBackendLoader - State backend is set to heap memory org.apache.flink.runtime.state.hashmap.HashMapStateBackend@11d2dd52
[Source: Collection Source (1/1)#0] INFO org.apache.flink.runtime.state.StateBackendLoader - State backend is set to heap memory org.apache.flink.runtime.state.hashmap.HashMapStateBackend@561942c2
[Sink: Data stream collect sink (1/1)#0] INFO org.apache.flink.runtime.state.StateBackendLoader - State backend is set to heap memory org.apache.flink.runtime.state.hashmap.HashMapStateBackend@6de8d3d7
[Map (1/2)#0] INFO org.apache.flink.runtime.taskmanager.Task - Map (1/2)#0 (63f6aacd1037d285db7ab88c6037c5f2_0a448493b4782967b150582570326227_0_0) switched from INITIALIZING to RUNNING.
[Map (2/2)#0] INFO org.apache.flink.runtime.taskmanager.Task - Map (2/2)#0 (63f6aacd1037d285db7ab88c6037c5f2_0a448493b4782967b150582570326227_1_0) switched from INITIALIZING to RUNNING.
[flink-pekko.actor.default-dispatcher-5] INFO org.apache.flink.runtime.executiongraph.ExecutionGraph - Map (1/2) (63f6aacd1037d285db7ab88c6037c5f2_0a448493b4782967b150582570326227_0_0) switched from INITIALIZING to RUNNING.
[Sink: Data stream collect sink (1/1)#0] INFO org.apache.flink.streaming.api.operators.collect.CollectSinkFunction - Initializing collect sink state with offset = 0, buffered results bytes = 0
[flink-pekko.actor.default-dispatcher-5] INFO org.apache.flink.runtime.executiongraph.ExecutionGraph - Map (2/2) (63f6aacd1037d285db7ab88c6037c5f2_0a448493b4782967b150582570326227_1_0) switched from INITIALIZING to RUNNING.
[Source: Collection Source (1/1)#0] INFO org.apache.flink.runtime.taskmanager.Task - Source: Collection Source (1/1)#0 (63f6aacd1037d285db7ab88c6037c5f2_bc764cd8ddf7a0cff126f51c16239658_0_0) switched from INITIALIZING to RUNNING.
[flink-pekko.actor.default-dispatcher-7] INFO org.apache.flink.runtime.executiongraph.ExecutionGraph - Source: Collection Source (1/1) (63f6aacd1037d285db7ab88c6037c5f2_bc764cd8ddf7a0cff126f51c16239658_0_0) switched from INITIALIZING to RUNNING.
[Sink: Data stream collect sink (1/1)#0] INFO org.apache.flink.streaming.api.operators.collect.CollectSinkFunction - Collect sink server established, address = localhost/127.0.0.1:45149
[flink-pekko.actor.default-dispatcher-5] INFO org.apache.flink.streaming.api.operators.collect.CollectSinkOperatorCoordinator - Received sink socket server address: localhost/127.0.0.1:45149
[Sink: Data stream collect sink (1/1)#0] INFO org.apache.flink.runtime.taskmanager.Task - Sink: Data stream collect sink (1/1)#0 (63f6aacd1037d285db7ab88c6037c5f2_ea632d67b7d595e5b851708ae9ad79d6_0_0) switched from INITIALIZING to RUNNING.
[flink-pekko.actor.default-dispatcher-5] INFO org.apache.flink.runtime.executiongraph.ExecutionGraph - Sink: Data stream collect sink (1/1) (63f6aacd1037d285db7ab88c6037c5f2_ea632d67b7d595e5b851708ae9ad79d6_0_0) switched from INITIALIZING to RUNNING.
[Sink: Data stream collect sink (1/1)#0] INFO org.apache.flink.api.java.typeutils.runtime.kryo.KryoSerializer - Kryo serializer scala extensions are not available.
[Source: Collection Source (1/1)#0] INFO org.apache.flink.runtime.taskmanager.Task - Source: Collection Source (1/1)#0 (63f6aacd1037d285db7ab88c6037c5f2_bc764cd8ddf7a0cff126f51c16239658_0_0) switched from RUNNING to FINISHED.
[Source: Collection Source (1/1)#0] INFO org.apache.flink.runtime.taskmanager.Task - Freeing task resources for Source: Collection Source (1/1)#0 (63f6aacd1037d285db7ab88c6037c5f2_bc764cd8ddf7a0cff126f51c16239658_0_0).
[flink-pekko.actor.default-dispatcher-7] INFO org.apache.flink.runtime.taskexecutor.TaskExecutor - Un-registering task and sending final execution state FINISHED to JobManager for task Source: Collection Source (1/1)#0 63f6aacd1037d285db7ab88c6037c5f2_bc764cd8ddf7a0cff126f51c16239658_0_0.
[Map (1/2)#0] INFO org.apache.flink.runtime.taskmanager.Task - Map (1/2)#0 (63f6aacd1037d285db7ab88c6037c5f2_0a448493b4782967b150582570326227_0_0) switched from RUNNING to FINISHED.
[Map (1/2)#0] INFO org.apache.flink.runtime.taskmanager.Task - Freeing task resources for Map (1/2)#0 (63f6aacd1037d285db7ab88c6037c5f2_0a448493b4782967b150582570326227_0_0).
[Map (2/2)#0] INFO org.apache.flink.runtime.taskmanager.Task - Map (2/2)#0 (63f6aacd1037d285db7ab88c6037c5f2_0a448493b4782967b150582570326227_1_0) switched from RUNNING to FINISHED.
[Map (2/2)#0] INFO org.apache.flink.runtime.taskmanager.Task - Freeing task resources for Map (2/2)#0 (63f6aacd1037d285db7ab88c6037c5f2_0a448493b4782967b150582570326227_1_0).
[flink-pekko.actor.default-dispatcher-7] INFO org.apache.flink.runtime.taskexecutor.TaskExecutor - Un-registering task and sending final execution state FINISHED to JobManager for task Map (1/2)#0 63f6aacd1037d285db7ab88c6037c5f2_0a448493b4782967b150582570326227_0_0.
[flink-pekko.actor.default-dispatcher-7] INFO org.apache.flink.runtime.taskexecutor.TaskExecutor - Un-registering task and sending final execution state FINISHED to JobManager for task Map (2/2)#0 63f6aacd1037d285db7ab88c6037c5f2_0a448493b4782967b150582570326227_1_0.
[flink-pekko.actor.default-dispatcher-5] INFO org.apache.flink.runtime.executiongraph.ExecutionGraph - Source: Collection Source (1/1) (63f6aacd1037d285db7ab88c6037c5f2_bc764cd8ddf7a0cff126f51c16239658_0_0) switched from RUNNING to FINISHED.
[flink-pekko.actor.default-dispatcher-5] INFO org.apache.flink.runtime.executiongraph.ExecutionGraph - Map (1/2) (63f6aacd1037d285db7ab88c6037c5f2_0a448493b4782967b150582570326227_0_0) switched from RUNNING to FINISHED.
[flink-pekko.actor.default-dispatcher-5] INFO org.apache.flink.runtime.executiongraph.ExecutionGraph - Map (2/2) (63f6aacd1037d285db7ab88c6037c5f2_0a448493b4782967b150582570326227_1_0) switched from RUNNING to FINISHED.
[flink-pekko.actor.default-dispatcher-7] INFO org.apache.flink.runtime.resourcemanager.slotmanager.FineGrainedSlotManager - Received resource requirements from job 3a18c0e32b762b13a6f620ee5650207f: [ResourceRequirement{resourceProfile=ResourceProfile{UNKNOWN}, numberOfRequiredSlots=1}]
[collect-sink-operator-coordinator-executor-thread-pool-thread-1] INFO org.apache.flink.streaming.api.operators.collect.CollectSinkOperatorCoordinator - Sink connection established
[Thread-24] INFO org.apache.flink.streaming.api.operators.collect.CollectSinkFunction - Coordinator connection received
[Thread-24] INFO org.apache.flink.streaming.api.operators.collect.CollectSinkFunction - Invalid request. Received version = , offset = 0, while expected version = fe8bbb2b-92c2-4035-9e24-7806fae7fc29, offset = 0
[Sink: Data stream collect sink (1/1)#0] INFO org.apache.flink.runtime.taskmanager.Task - Sink: Data stream collect sink (1/1)#0 (63f6aacd1037d285db7ab88c6037c5f2_ea632d67b7d595e5b851708ae9ad79d6_0_0) switched from RUNNING to FINISHED.
[Sink: Data stream collect sink (1/1)#0] INFO org.apache.flink.runtime.taskmanager.Task - Freeing task resources for Sink: Data stream collect sink (1/1)#0 (63f6aacd1037d285db7ab88c6037c5f2_ea632d67b7d595e5b851708ae9ad79d6_0_0).
[flink-pekko.actor.default-dispatcher-7] INFO org.apache.flink.runtime.taskexecutor.TaskExecutor - Un-registering task and sending final execution state FINISHED to JobManager for task Sink: Data stream collect sink (1/1)#0 63f6aacd1037d285db7ab88c6037c5f2_ea632d67b7d595e5b851708ae9ad79d6_0_0.
[flink-pekko.actor.default-dispatcher-7] INFO org.apache.flink.runtime.executiongraph.ExecutionGraph - Sink: Data stream collect sink (1/1) (63f6aacd1037d285db7ab88c6037c5f2_ea632d67b7d595e5b851708ae9ad79d6_0_0) switched from RUNNING to FINISHED.
[flink-pekko.actor.default-dispatcher-5] INFO org.apache.flink.runtime.resourcemanager.slotmanager.FineGrainedSlotManager - Clearing resource requirements of job 3a18c0e32b762b13a6f620ee5650207f
[flink-pekko.actor.default-dispatcher-7] INFO org.apache.flink.runtime.executiongraph.ExecutionGraph - Job DataStream Collect (3a18c0e32b762b13a6f620ee5650207f) switched from state RUNNING to FINISHED.
[flink-pekko.actor.default-dispatcher-7] INFO org.apache.flink.runtime.checkpoint.CheckpointCoordinator - Stopping checkpoint coordinator for job 3a18c0e32b762b13a6f620ee5650207f.
[flink-pekko.actor.default-dispatcher-5] INFO org.apache.flink.runtime.dispatcher.StandaloneDispatcher - Job 3a18c0e32b762b13a6f620ee5650207f reached terminal state FINISHED.
[main] INFO org.apache.flink.api.java.typeutils.runtime.kryo.KryoSerializer - Kryo serializer scala extensions are not available.
[flink-pekko.actor.default-dispatcher-7] INFO org.apache.flink.runtime.jobmaster.JobMaster - Stopping the JobMaster for job 'DataStream Collect' (3a18c0e32b762b13a6f620ee5650207f).
[flink-pekko.actor.default-dispatcher-7] INFO org.apache.flink.streaming.api.operators.collect.CollectSinkOperatorCoordinator - Closing the CollectSinkOperatorCoordinator.
[flink-pekko.actor.default-dispatcher-7] INFO org.apache.flink.runtime.checkpoint.StandaloneCompletedCheckpointStore - Shutting down
[flink-pekko.actor.default-dispatcher-7] INFO org.apache.flink.runtime.jobmaster.slotpool.DefaultDeclarativeSlotPool - Releasing slot [7c253f6f2dcff548bfcdfb68212810c9].
[flink-pekko.actor.default-dispatcher-7] INFO org.apache.flink.runtime.jobmaster.slotpool.DefaultDeclarativeSlotPool - Releasing slot [6311d5dec75cc00bbcc451d0aee3fae3].
[flink-pekko.actor.default-dispatcher-7] INFO org.apache.flink.runtime.jobmaster.JobMaster - Disconnect TaskExecutor 3bdca923-13c9-4c1c-b00b-a2f62cfb886f because: Stopping JobMaster for job 'DataStream Collect' (3a18c0e32b762b13a6f620ee5650207f).
[flink-pekko.actor.default-dispatcher-7] INFO org.apache.flink.runtime.jobmaster.JobMaster - Close ResourceManager connection acfbd29e0a54f77ad9e402dc60a86fc7: Stopping JobMaster for job 'DataStream Collect' (3a18c0e32b762b13a6f620ee5650207f).
[flink-pekko.actor.default-dispatcher-5] INFO org.apache.flink.runtime.taskexecutor.slot.TaskSlotTableImpl - Free slot TaskSlot(index:2, state:ACTIVE, resource profile: ResourceProfile{taskHeapMemory=512.000gb (549755813888 bytes), taskOffHeapMemory=512.000gb (549755813888 bytes), managedMemory=40.000mb (41943040 bytes), networkMemory=32.000mb (33554432 bytes)}, allocationId: 7c253f6f2dcff548bfcdfb68212810c9, jobId: 3a18c0e32b762b13a6f620ee5650207f).
[flink-pekko.actor.default-dispatcher-5] INFO org.apache.flink.runtime.taskexecutor.slot.TaskSlotTableImpl - Free slot TaskSlot(index:3, state:ACTIVE, resource profile: ResourceProfile{taskHeapMemory=512.000gb (549755813888 bytes), taskOffHeapMemory=512.000gb (549755813888 bytes), managedMemory=40.000mb (41943040 bytes), networkMemory=32.000mb (33554432 bytes)}, allocationId: 6311d5dec75cc00bbcc451d0aee3fae3, jobId: 3a18c0e32b762b13a6f620ee5650207f).
[flink-pekko.actor.default-dispatcher-5] INFO org.apache.flink.runtime.taskexecutor.DefaultJobLeaderService - Remove job 3a18c0e32b762b13a6f620ee5650207f from job leader monitoring.
[flink-pekko.actor.default-dispatcher-5] INFO org.apache.flink.runtime.taskexecutor.TaskExecutor - Close JobManager connection for job 3a18c0e32b762b13a6f620ee5650207f.
[flink-pekko.actor.default-dispatcher-7] INFO org.apache.flink.runtime.resourcemanager.StandaloneResourceManager - Disconnect job manager a53244fd9eab953149e0583f02a54a49@pekko://flink/user/rpc/jobmanager_3 for job 3a18c0e32b762b13a6f620ee5650207f from the resource manager.
[flink-pekko.actor.default-dispatcher-7] INFO org.apache.flink.runtime.resourcemanager.slotmanager.DefaultSlotStatusSyncer - Freeing slot 7c253f6f2dcff548bfcdfb68212810c9.
[flink-pekko.actor.default-dispatcher-7] INFO org.apache.flink.runtime.resourcemanager.slotmanager.DefaultSlotStatusSyncer - Freeing slot 6311d5dec75cc00bbcc451d0aee3fae3.
]]></system-err>
  </testcase>
</testsuite>