<?xml version="1.0" encoding="UTF-8"?>
<testsuite xmlns:xsi="http://www.w3.org/2001/XMLSchema-instance" xsi:noNamespaceSchemaLocation="https://maven.apache.org/surefire/maven-surefire-plugin/xsd/surefire-test-report-3.0.xsd" version="3.0" name="com.rentalrecommender.dataprocessor.PropertyMongoDbSinkIntegrationTest" time="2.332" tests="1" errors="0" skipped="0" failures="0">
  <properties>
[...]
</properties>
  <testcase name="testMongoDbSinkInsertOrUpdate" classname="com.rentalrecommender.dataprocessor.PropertyMongoDbSinkIntegrationTest" time="2.002">
    <system-out><![CDATA[MongoDB setup complete: Database = dev, Collection = sample
Starting test with collection state intact.
Testing insert or update for property: Property(id=null, propertyUrl=null, propertyId=test-12345, listingId=null, mls=null, mlsId=null, status=null, text=null, style=null, fullStreetLine=null, street=123 Initial Street, unit=null, city=null, state=null, zipCode=null, beds=0, fullBaths=0, halfBaths=0, sqft=0, yearBuilt=null, daysOnMls=0, listPrice=0.0, listPriceMin=null, listPriceMax=null, listDate=null, soldPrice=null, lastSoldDate=null, assessedValue=null, estimatedValue=null, newConstruction=false, lotSqft=null, pricePerSqft=0.0, latitude=null, longitude=null, neighborhoods=null, county=null, fipsCode=null, stories=null, hoaFee=null, parkingGarage=null, agentId=null, agentName=null, agentEmail=null, agentPhones=null, agentMlsSet=null, agentNrdsId=null, brokerId=null, brokerName=null, builderId=null, builderName=null, officeId=null, officeMlsSet=null, officeName=null, officeEmail=null, officePhones=null, nearbySchools=null, primaryPhoto=null, altPhotos=[])
Test data cleaned up.
]]></system-out>
    <system-err><![CDATA[[main] INFO org.mongodb.driver.client - MongoClient with metadata {"driver": {"name": "mongo-java-driver|sync", "version": "4.11.0"}, "os": {"type": "Linux", "name": "Linux", "architecture": "aarch64", "version": "6.8.0-49-generic"}, "platform": "Java/Amazon.com Inc./17.0.13+11-LTS"} created with settings MongoClientSettings{readPreference=primary, writeConcern=WriteConcern{w=null, wTimeout=null ms, journal=null}, retryWrites=true, retryReads=true, readConcern=ReadConcern{level=null}, credential=MongoCredential{mechanism=null, userName='dev', source='dev', password=<hidden>, mechanismProperties=<hidden>}, transportSettings=null, streamFactoryFactory=null, commandListeners=[], codecRegistry=ProvidersCodecRegistry{codecProviders=[ValueCodecProvider{}, BsonValueCodecProvider{}, DBRefCodecProvider{}, DBObjectCodecProvider{}, DocumentCodecProvider{}, CollectionCodecProvider{}, IterableCodecProvider{}, MapCodecProvider{}, GeoJsonCodecProvider{}, GridFSFileCodecProvider{}, Jsr310CodecProvider{}, JsonObjectCodecProvider{}, BsonCodecProvider{}, EnumCodecProvider{}, com.mongodb.client.model.mql.ExpressionCodecProvider@4c030fe1, com.mongodb.Jep395RecordCodecProvider@347123dc, com.mongodb.KotlinCodecProvider@52433946]}, loggerSettings=LoggerSettings{maxDocumentLength=1000}, clusterSettings={hosts=[18.119.153.150:27017], srvServiceName=mongodb, mode=SINGLE, requiredClusterType=UNKNOWN, requiredReplicaSetName='null', serverSelector='null', clusterListeners='[]', serverSelectionTimeout='30000 ms', localThreshold='15 ms'}, socketSettings=SocketSettings{connectTimeoutMS=10000, readTimeoutMS=0, receiveBufferSize=0, proxySettings=ProxySettings{host=null, port=null, username=null, password=null}}, heartbeatSocketSettings=SocketSettings{connectTimeoutMS=10000, readTimeoutMS=10000, receiveBufferSize=0, proxySettings=ProxySettings{host=null, port=null, username=null, password=null}}, connectionPoolSettings=ConnectionPoolSettings{maxSize=100, minSize=0, maxWaitTimeMS=120000, maxConnectionLifeTimeMS=0, maxConnectionIdleTimeMS=0, maintenanceInitialDelayMS=0, maintenanceFrequencyMS=60000, connectionPoolListeners=[], maxConnecting=2}, serverSettings=ServerSettings{heartbeatFrequencyMS=10000, minHeartbeatFrequencyMS=500, serverListeners='[]', serverMonitorListeners='[]'}, sslSettings=SslSettings{enabled=false, invalidHostNameAllowed=false, context=null}, applicationName='null', compressorList=[], uuidRepresentation=UNSPECIFIED, serverApi=null, autoEncryptionSettings=null, dnsClient=null, inetAddressResolver=null, contextProvider=null}
[main] INFO org.mongodb.driver.cluster - No server chosen by WritableServerSelector from cluster description ClusterDescription{type=UNKNOWN, connectionMode=SINGLE, serverDescriptions=[ServerDescription{address=18.119.153.150:27017, type=UNKNOWN, state=CONNECTING}]}. Waiting for 30000 ms before timing out
[cluster-ClusterId{value='6750be8435a5f72e1db32f09', description='null'}-18.119.153.150:27017] INFO org.mongodb.driver.cluster - Monitor thread successfully connected to server with description ServerDescription{address=18.119.153.150:27017, type=STANDALONE, state=CONNECTED, ok=true, minWireVersion=0, maxWireVersion=25, maxDocumentSize=16777216, logicalSessionTimeoutMinutes=30, roundTripTimeNanos=113178171}
]]></system-err>
  </testcase>
</testsuite>